<?xml version="1.0" encoding="UTF-8"?>
<testng-results ignored="0" total="1" passed="1" failed="0" skipped="0">
  <reporter-output>
  </reporter-output>
  <suite started-at="2024-07-15T01:22:14 IST" name="Default suite" finished-at="2024-07-15T01:22:33 IST" duration-ms="18638">
    <groups>
    </groups>
    <test started-at="2024-07-15T01:22:14 IST" name="Default test" finished-at="2024-07-15T01:22:33 IST" duration-ms="18638">
      <class name="com.tutorialsninga.qa.testcase.PracticeTest">
        <test-method is-config="true" signature="beforeMethod()[pri:0, instance:com.tutorialsninga.qa.testcase.PracticeTest@49139829]" started-at="2024-07-15T01:22:14 IST" name="beforeMethod" finished-at="2024-07-15T01:22:29 IST" duration-ms="15162" status="PASS">
          <reporter-output>
          </reporter-output>
        </test-method> <!-- beforeMethod -->
        <test-method signature="test1()[pri:0, instance:com.tutorialsninga.qa.testcase.PracticeTest@49139829]" started-at="2024-07-15T01:22:29 IST" name="test1" finished-at="2024-07-15T01:22:32 IST" duration-ms="2212" status="PASS">
          <reporter-output>
          </reporter-output>
        </test-method> <!-- test1 -->
        <test-method is-config="true" signature="afterMethod()[pri:0, instance:com.tutorialsninga.qa.testcase.PracticeTest@49139829]" started-at="2024-07-15T01:22:32 IST" name="afterMethod" finished-at="2024-07-15T01:22:33 IST" duration-ms="1214" status="PASS">
          <reporter-output>
          </reporter-output>
        </test-method> <!-- afterMethod -->
      </class> <!-- com.tutorialsninga.qa.testcase.PracticeTest -->
    </test> <!-- Default test -->
  </suite> <!-- Default suite -->
</testng-results>
