<?xml version="1.0" encoding="UTF-8"?>
<testng-results ignored="0" total="1" passed="1" failed="0" skipped="0">
  <reporter-output>
  </reporter-output>
  <suite started-at="2024-06-24T21:12:01 IST" name="Default suite" finished-at="2024-06-24T21:12:10 IST" duration-ms="8447">
    <groups>
    </groups>
    <test started-at="2024-06-24T21:12:01 IST" name="Default test" finished-at="2024-06-24T21:12:10 IST" duration-ms="8447">
      <class name="com.tutorialsninga.qa.testcase.CameraWishlistTest">
        <test-method is-config="true" signature="setUp()[pri:0, instance:com.tutorialsninga.qa.testcase.CameraWishlistTest@6069db50]" started-at="2024-06-24T21:12:01 IST" name="setUp" finished-at="2024-06-24T21:12:08 IST" duration-ms="6107" status="PASS">
          <reporter-output>
          </reporter-output>
        </test-method> <!-- setUp -->
        <test-method signature="addTocartFuvtionalty()[pri:0, instance:com.tutorialsninga.qa.testcase.CameraWishlistTest@6069db50]" started-at="2024-06-24T21:12:08 IST" name="addTocartFuvtionalty" finished-at="2024-06-24T21:12:10 IST" duration-ms="2287" status="PASS">
          <reporter-output>
          </reporter-output>
        </test-method> <!-- addTocartFuvtionalty -->
        <test-method is-config="true" signature="tearDown()[pri:0, instance:com.tutorialsninga.qa.testcase.CameraWishlistTest@6069db50]" started-at="2024-06-24T21:12:10 IST" name="tearDown" finished-at="2024-06-24T21:12:10 IST" duration-ms="0" status="PASS">
          <reporter-output>
          </reporter-output>
        </test-method> <!-- tearDown -->
      </class> <!-- com.tutorialsninga.qa.testcase.CameraWishlistTest -->
    </test> <!-- Default test -->
  </suite> <!-- Default suite -->
</testng-results>
